<?xml version="1.0" encoding="UTF-8"?>
<testng-results skipped="0" failed="0" ignored="0" total="1" passed="1">
  <reporter-output>
  </reporter-output>
  <suite name="Default suite" duration-ms="16726" started-at="2020-04-27T07:28:20Z" finished-at="2020-04-27T07:28:37Z">
    <groups>
    </groups>
    <test name="Default test" duration-ms="16726" started-at="2020-04-27T07:28:20Z" finished-at="2020-04-27T07:28:37Z">
      <class name="com.qa.testcases.HomePageTest">
        <test-method status="PASS" signature="setup()[pri:0, instance:com.qa.testcases.HomePageTest@7d9d1a19]" name="setup" is-config="true" duration-ms="8906" started-at="2020-04-27T07:28:20Z" finished-at="2020-04-27T07:28:29Z">
          <reporter-output>
          </reporter-output>
        </test-method> <!-- setup -->
        <test-method status="PASS" signature="searchAndSelectProduct()[pri:0, instance:com.qa.testcases.HomePageTest@7d9d1a19]" name="searchAndSelectProduct" duration-ms="7776" started-at="2020-04-27T07:28:29Z" finished-at="2020-04-27T07:28:37Z">
          <reporter-output>
          </reporter-output>
        </test-method> <!-- searchAndSelectProduct -->
        <test-method status="PASS" signature="tearDown()[pri:0, instance:com.qa.testcases.HomePageTest@7d9d1a19]" name="tearDown" is-config="true" duration-ms="0" started-at="2020-04-27T07:28:37Z" finished-at="2020-04-27T07:28:37Z">
          <reporter-output>
          </reporter-output>
        </test-method> <!-- tearDown -->
      </class> <!-- com.qa.testcases.HomePageTest -->
    </test> <!-- Default test -->
  </suite> <!-- Default suite -->
</testng-results>
